Build started 12.05.2018 21:58:56.
     1>Project "C:\Users\Zippocat\Downloads\1\Tanki\28\Tank.vcxproj" on node 2 (Build target(s)).
     1>ClCompile:
         C:\Program Files (x86)\Microsoft Visual Studio 12.0\VC\bin\CL.exe /c /ZI /nologo /W3 /WX- /Od /Oy- /D WIN32 /D _DEBUG /D _WINDOWS /D _UNICODE /D UNICODE /Gm /EHsc /RTC1 /MDd /GS /fp:precise /Zc:wchar_t /Zc:forScope /Fo"Debug\\" /Fd"Debug\vc120.pdb" /Gd /TP /analyze- /errorReport:prompt Class.cpp Main.cpp
         Main.cpp
         Class.cpp
     1>c:\users\zippocat\downloads\1\tanki\28\class.cpp(390): warning C4018: '<' : signed/unsigned mismatch
     1>c:\users\zippocat\downloads\1\tanki\28\class.cpp(393): error C2678: binary '==' : no operator found which takes a left-hand operand of type 'const type_info' (or there is no acceptable conversion)
                 c:\program files (x86)\windows kits\8.1\include\shared\guiddef.h(192): could be 'bool operator ==(const GUID &,const GUID &)'
                 c:\program files (x86)\microsoft visual studio 12.0\vc\include\exception(507): or       'bool std::operator ==(const std::exception_ptr &,std::nullptr_t)'
                 c:\program files (x86)\microsoft visual studio 12.0\vc\include\exception(502): or       'bool std::operator ==(std::nullptr_t,const std::exception_ptr &)'
                 c:\program files (x86)\microsoft visual studio 12.0\vc\include\exception(497): or       'bool std::operator ==(const std::exception_ptr &,const std::exception_ptr &)'
                 while trying to match the argument list '(const type_info, const type_info)'
     1>c:\users\zippocat\downloads\1\tanki\28\class.cpp(393): error C2088: '==' : illegal for class
     1>c:\users\zippocat\downloads\1\tanki\28\class.cpp(398): error C2678: binary '==' : no operator found which takes a left-hand operand of type 'const type_info' (or there is no acceptable conversion)
                 c:\program files (x86)\windows kits\8.1\include\shared\guiddef.h(192): could be 'bool operator ==(const GUID &,const GUID &)'
                 c:\program files (x86)\microsoft visual studio 12.0\vc\include\exception(507): or       'bool std::operator ==(const std::exception_ptr &,std::nullptr_t)'
                 c:\program files (x86)\microsoft visual studio 12.0\vc\include\exception(502): or       'bool std::operator ==(std::nullptr_t,const std::exception_ptr &)'
                 c:\program files (x86)\microsoft visual studio 12.0\vc\include\exception(497): or       'bool std::operator ==(const std::exception_ptr &,const std::exception_ptr &)'
                 while trying to match the argument list '(const type_info, const type_info)'
     1>c:\users\zippocat\downloads\1\tanki\28\class.cpp(440): error C2678: binary '==' : no operator found which takes a left-hand operand of type 'const type_info' (or there is no acceptable conversion)
                 c:\program files (x86)\windows kits\8.1\include\shared\guiddef.h(192): could be 'bool operator ==(const GUID &,const GUID &)'
                 c:\program files (x86)\microsoft visual studio 12.0\vc\include\exception(507): or       'bool std::operator ==(const std::exception_ptr &,std::nullptr_t)'
                 c:\program files (x86)\microsoft visual studio 12.0\vc\include\exception(502): or       'bool std::operator ==(std::nullptr_t,const std::exception_ptr &)'
                 c:\program files (x86)\microsoft visual studio 12.0\vc\include\exception(497): or       'bool std::operator ==(const std::exception_ptr &,const std::exception_ptr &)'
                 while trying to match the argument list '(const type_info, const type_info)'
     1>c:\users\zippocat\downloads\1\tanki\28\class.cpp(447): error C2678: binary '==' : no operator found which takes a left-hand operand of type 'const type_info' (or there is no acceptable conversion)
                 c:\program files (x86)\windows kits\8.1\include\shared\guiddef.h(192): could be 'bool operator ==(const GUID &,const GUID &)'
                 c:\program files (x86)\microsoft visual studio 12.0\vc\include\exception(507): or       'bool std::operator ==(const std::exception_ptr &,std::nullptr_t)'
                 c:\program files (x86)\microsoft visual studio 12.0\vc\include\exception(502): or       'bool std::operator ==(std::nullptr_t,const std::exception_ptr &)'
                 c:\program files (x86)\microsoft visual studio 12.0\vc\include\exception(497): or       'bool std::operator ==(const std::exception_ptr &,const std::exception_ptr &)'
                 while trying to match the argument list '(const type_info, const type_info)'
     1>c:\users\zippocat\downloads\1\tanki\28\class.cpp(485): warning C4018: '<' : signed/unsigned mismatch
     1>c:\users\zippocat\downloads\1\tanki\28\class.cpp(489): error C2678: binary '==' : no operator found which takes a left-hand operand of type 'const type_info' (or there is no acceptable conversion)
                 c:\program files (x86)\windows kits\8.1\include\shared\guiddef.h(192): could be 'bool operator ==(const GUID &,const GUID &)'
                 c:\program files (x86)\microsoft visual studio 12.0\vc\include\exception(507): or       'bool std::operator ==(const std::exception_ptr &,std::nullptr_t)'
                 c:\program files (x86)\microsoft visual studio 12.0\vc\include\exception(502): or       'bool std::operator ==(std::nullptr_t,const std::exception_ptr &)'
                 c:\program files (x86)\microsoft visual studio 12.0\vc\include\exception(497): or       'bool std::operator ==(const std::exception_ptr &,const std::exception_ptr &)'
                 while trying to match the argument list '(const type_info, const type_info)'
     1>c:\users\zippocat\downloads\1\tanki\28\class.cpp(489): error C2088: '==' : illegal for class
     1>c:\users\zippocat\downloads\1\tanki\28\class.cpp(491): error C2678: binary '==' : no operator found which takes a left-hand operand of type 'const type_info' (or there is no acceptable conversion)
                 c:\program files (x86)\windows kits\8.1\include\shared\guiddef.h(192): could be 'bool operator ==(const GUID &,const GUID &)'
                 c:\program files (x86)\microsoft visual studio 12.0\vc\include\exception(507): or       'bool std::operator ==(const std::exception_ptr &,std::nullptr_t)'
                 c:\program files (x86)\microsoft visual studio 12.0\vc\include\exception(502): or       'bool std::operator ==(std::nullptr_t,const std::exception_ptr &)'
                 c:\program files (x86)\microsoft visual studio 12.0\vc\include\exception(497): or       'bool std::operator ==(const std::exception_ptr &,const std::exception_ptr &)'
                 while trying to match the argument list '(const type_info, const type_info)'
     1>c:\users\zippocat\downloads\1\tanki\28\class.cpp(491): error C2088: '==' : illegal for class
     1>c:\users\zippocat\downloads\1\tanki\28\class.cpp(497): error C2678: binary '==' : no operator found which takes a left-hand operand of type 'const type_info' (or there is no acceptable conversion)
                 c:\program files (x86)\windows kits\8.1\include\shared\guiddef.h(192): could be 'bool operator ==(const GUID &,const GUID &)'
                 c:\program files (x86)\microsoft visual studio 12.0\vc\include\exception(507): or       'bool std::operator ==(const std::exception_ptr &,std::nullptr_t)'
                 c:\program files (x86)\microsoft visual studio 12.0\vc\include\exception(502): or       'bool std::operator ==(std::nullptr_t,const std::exception_ptr &)'
                 c:\program files (x86)\microsoft visual studio 12.0\vc\include\exception(497): or       'bool std::operator ==(const std::exception_ptr &,const std::exception_ptr &)'
                 while trying to match the argument list '(const type_info, const type_info)'
     1>c:\users\zippocat\downloads\1\tanki\28\class.cpp(507): warning C4018: '<' : signed/unsigned mismatch
     1>c:\users\zippocat\downloads\1\tanki\28\class.cpp(511): error C2678: binary '==' : no operator found which takes a left-hand operand of type 'const type_info' (or there is no acceptable conversion)
                 c:\program files (x86)\windows kits\8.1\include\shared\guiddef.h(192): could be 'bool operator ==(const GUID &,const GUID &)'
                 c:\program files (x86)\microsoft visual studio 12.0\vc\include\exception(507): or       'bool std::operator ==(const std::exception_ptr &,std::nullptr_t)'
                 c:\program files (x86)\microsoft visual studio 12.0\vc\include\exception(502): or       'bool std::operator ==(std::nullptr_t,const std::exception_ptr &)'
                 c:\program files (x86)\microsoft visual studio 12.0\vc\include\exception(497): or       'bool std::operator ==(const std::exception_ptr &,const std::exception_ptr &)'
                 while trying to match the argument list '(const type_info, const type_info)'
     1>c:\users\zippocat\downloads\1\tanki\28\class.cpp(513): error C2678: binary '==' : no operator found which takes a left-hand operand of type 'const type_info' (or there is no acceptable conversion)
                 c:\program files (x86)\windows kits\8.1\include\shared\guiddef.h(192): could be 'bool operator ==(const GUID &,const GUID &)'
                 c:\program files (x86)\microsoft visual studio 12.0\vc\include\exception(507): or       'bool std::operator ==(const std::exception_ptr &,std::nullptr_t)'
                 c:\program files (x86)\microsoft visual studio 12.0\vc\include\exception(502): or       'bool std::operator ==(std::nullptr_t,const std::exception_ptr &)'
                 c:\program files (x86)\microsoft visual studio 12.0\vc\include\exception(497): or       'bool std::operator ==(const std::exception_ptr &,const std::exception_ptr &)'
                 while trying to match the argument list '(const type_info, const type_info)'
     1>c:\users\zippocat\downloads\1\tanki\28\class.cpp(513): error C2088: '==' : illegal for class
     1>c:\users\zippocat\downloads\1\tanki\28\class.cpp(517): error C2678: binary '==' : no operator found which takes a left-hand operand of type 'const type_info' (or there is no acceptable conversion)
                 c:\program files (x86)\windows kits\8.1\include\shared\guiddef.h(192): could be 'bool operator ==(const GUID &,const GUID &)'
                 c:\program files (x86)\microsoft visual studio 12.0\vc\include\exception(507): or       'bool std::operator ==(const std::exception_ptr &,std::nullptr_t)'
                 c:\program files (x86)\microsoft visual studio 12.0\vc\include\exception(502): or       'bool std::operator ==(std::nullptr_t,const std::exception_ptr &)'
                 c:\program files (x86)\microsoft visual studio 12.0\vc\include\exception(497): or       'bool std::operator ==(const std::exception_ptr &,const std::exception_ptr &)'
                 while trying to match the argument list '(const type_info, const type_info)'
     1>c:\users\zippocat\downloads\1\tanki\28\class.cpp(533): error C2678: binary '==' : no operator found which takes a left-hand operand of type 'const type_info' (or there is no acceptable conversion)
                 c:\program files (x86)\windows kits\8.1\include\shared\guiddef.h(192): could be 'bool operator ==(const GUID &,const GUID &)'
                 c:\program files (x86)\microsoft visual studio 12.0\vc\include\exception(507): or       'bool std::operator ==(const std::exception_ptr &,std::nullptr_t)'
                 c:\program files (x86)\microsoft visual studio 12.0\vc\include\exception(502): or       'bool std::operator ==(std::nullptr_t,const std::exception_ptr &)'
                 c:\program files (x86)\microsoft visual studio 12.0\vc\include\exception(497): or       'bool std::operator ==(const std::exception_ptr &,const std::exception_ptr &)'
                 while trying to match the argument list '(const type_info, const type_info)'
     1>c:\users\zippocat\downloads\1\tanki\28\class.cpp(537): error C2678: binary '==' : no operator found which takes a left-hand operand of type 'const type_info' (or there is no acceptable conversion)
                 c:\program files (x86)\windows kits\8.1\include\shared\guiddef.h(192): could be 'bool operator ==(const GUID &,const GUID &)'
                 c:\program files (x86)\microsoft visual studio 12.0\vc\include\exception(507): or       'bool std::operator ==(const std::exception_ptr &,std::nullptr_t)'
                 c:\program files (x86)\microsoft visual studio 12.0\vc\include\exception(502): or       'bool std::operator ==(std::nullptr_t,const std::exception_ptr &)'
                 c:\program files (x86)\microsoft visual studio 12.0\vc\include\exception(497): or       'bool std::operator ==(const std::exception_ptr &,const std::exception_ptr &)'
                 while trying to match the argument list '(const type_info, const type_info)'
     1>c:\users\zippocat\downloads\1\tanki\28\class.cpp(551): error C2678: binary '==' : no operator found which takes a left-hand operand of type 'const type_info' (or there is no acceptable conversion)
                 c:\program files (x86)\windows kits\8.1\include\shared\guiddef.h(192): could be 'bool operator ==(const GUID &,const GUID &)'
                 c:\program files (x86)\microsoft visual studio 12.0\vc\include\exception(507): or       'bool std::operator ==(const std::exception_ptr &,std::nullptr_t)'
                 c:\program files (x86)\microsoft visual studio 12.0\vc\include\exception(502): or       'bool std::operator ==(std::nullptr_t,const std::exception_ptr &)'
                 c:\program files (x86)\microsoft visual studio 12.0\vc\include\exception(497): or       'bool std::operator ==(const std::exception_ptr &,const std::exception_ptr &)'
                 while trying to match the argument list '(const type_info, const type_info)'
     1>c:\users\zippocat\downloads\1\tanki\28\class.cpp(553): error C2678: binary '==' : no operator found which takes a left-hand operand of type 'const type_info' (or there is no acceptable conversion)
                 c:\program files (x86)\windows kits\8.1\include\shared\guiddef.h(192): could be 'bool operator ==(const GUID &,const GUID &)'
                 c:\program files (x86)\microsoft visual studio 12.0\vc\include\exception(507): or       'bool std::operator ==(const std::exception_ptr &,std::nullptr_t)'
                 c:\program files (x86)\microsoft visual studio 12.0\vc\include\exception(502): or       'bool std::operator ==(std::nullptr_t,const std::exception_ptr &)'
                 c:\program files (x86)\microsoft visual studio 12.0\vc\include\exception(497): or       'bool std::operator ==(const std::exception_ptr &,const std::exception_ptr &)'
                 while trying to match the argument list '(const type_info, const type_info)'
     1>c:\users\zippocat\downloads\1\tanki\28\class.cpp(553): error C2088: '==' : illegal for class
     1>c:\users\zippocat\downloads\1\tanki\28\class.cpp(557): error C2678: binary '==' : no operator found which takes a left-hand operand of type 'const type_info' (or there is no acceptable conversion)
                 c:\program files (x86)\windows kits\8.1\include\shared\guiddef.h(192): could be 'bool operator ==(const GUID &,const GUID &)'
                 c:\program files (x86)\microsoft visual studio 12.0\vc\include\exception(507): or       'bool std::operator ==(const std::exception_ptr &,std::nullptr_t)'
                 c:\program files (x86)\microsoft visual studio 12.0\vc\include\exception(502): or       'bool std::operator ==(std::nullptr_t,const std::exception_ptr &)'
                 c:\program files (x86)\microsoft visual studio 12.0\vc\include\exception(497): or       'bool std::operator ==(const std::exception_ptr &,const std::exception_ptr &)'
                 while trying to match the argument list '(const type_info, const type_info)'
     1>c:\users\zippocat\downloads\1\tanki\28\class.cpp(574): error C2678: binary '==' : no operator found which takes a left-hand operand of type 'const type_info' (or there is no acceptable conversion)
                 c:\program files (x86)\windows kits\8.1\include\shared\guiddef.h(192): could be 'bool operator ==(const GUID &,const GUID &)'
                 c:\program files (x86)\microsoft visual studio 12.0\vc\include\exception(507): or       'bool std::operator ==(const std::exception_ptr &,std::nullptr_t)'
                 c:\program files (x86)\microsoft visual studio 12.0\vc\include\exception(502): or       'bool std::operator ==(std::nullptr_t,const std::exception_ptr &)'
                 c:\program files (x86)\microsoft visual studio 12.0\vc\include\exception(497): or       'bool std::operator ==(const std::exception_ptr &,const std::exception_ptr &)'
                 while trying to match the argument list '(const type_info, const type_info)'
     1>c:\users\zippocat\downloads\1\tanki\28\class.cpp(578): error C2678: binary '==' : no operator found which takes a left-hand operand of type 'const type_info' (or there is no acceptable conversion)
                 c:\program files (x86)\windows kits\8.1\include\shared\guiddef.h(192): could be 'bool operator ==(const GUID &,const GUID &)'
                 c:\program files (x86)\microsoft visual studio 12.0\vc\include\exception(507): or       'bool std::operator ==(const std::exception_ptr &,std::nullptr_t)'
                 c:\program files (x86)\microsoft visual studio 12.0\vc\include\exception(502): or       'bool std::operator ==(std::nullptr_t,const std::exception_ptr &)'
                 c:\program files (x86)\microsoft visual studio 12.0\vc\include\exception(497): or       'bool std::operator ==(const std::exception_ptr &,const std::exception_ptr &)'
                 while trying to match the argument list '(const type_info, const type_info)'
     1>c:\users\zippocat\downloads\1\tanki\28\class.cpp(616): warning C4018: '<' : signed/unsigned mismatch
         Generating Code...
     1>Done Building Project "C:\Users\Zippocat\Downloads\1\Tanki\28\Tank.vcxproj" (Build target(s)) -- FAILED.

Build FAILED.

Time Elapsed 00:00:02.73
